{"/Users/asafbenatia/Projects/La_Table_Management/src/lib/file-processor.ts": {"path":"/Users/asafbenatia/Projects/La_Table_Management/src/lib/file-processor.ts","statementMap":{"0":{"start":{"line":19,"column":31},"end":{"line":19,"column":null}},"1":{"start":{"line":65,"column":2},"end":{"line":65,"column":null}},"2":{"start":{"line":73,"column":2},"end":{"line":73,"column":null}},"3":{"start":{"line":80,"column":2},"end":{"line":80,"column":null}},"4":{"start":{"line":87,"column":16},"end":{"line":87,"column":null}},"5":{"start":{"line":88,"column":14},"end":{"line":88,"column":null}},"6":{"start":{"line":89,"column":2},"end":{"line":91,"column":null}},"7":{"start":{"line":89,"column":15},"end":{"line":89,"column":18}},"8":{"start":{"line":90,"column":4},"end":{"line":90,"column":null}},"9":{"start":{"line":92,"column":2},"end":{"line":92,"column":null}},"10":{"start":{"line":101,"column":2},"end":{"line":104,"column":null}},"11":{"start":{"line":102,"column":18},"end":{"line":102,"column":null}},"12":{"start":{"line":103,"column":4},"end":{"line":103,"column":null}},"13":{"start":{"line":107,"column":22},"end":{"line":109,"column":null}},"14":{"start":{"line":108,"column":4},"end":{"line":108,"column":null}},"15":{"start":{"line":111,"column":2},"end":{"line":113,"column":null}},"16":{"start":{"line":112,"column":4},"end":{"line":112,"column":null}},"17":{"start":{"line":115,"column":2},"end":{"line":115,"column":null}},"18":{"start":{"line":122,"column":2},"end":{"line":122,"column":null}},"19":{"start":{"line":122,"column":45},"end":{"line":122,"column":null}},"20":{"start":{"line":125,"column":2},"end":{"line":127,"column":null}},"21":{"start":{"line":126,"column":4},"end":{"line":126,"column":null}},"22":{"start":{"line":130,"column":17},"end":{"line":130,"column":null}},"23":{"start":{"line":133,"column":2},"end":{"line":137,"column":null}},"24":{"start":{"line":140,"column":2},"end":{"line":142,"column":null}},"25":{"start":{"line":141,"column":4},"end":{"line":141,"column":null}},"26":{"start":{"line":144,"column":17},"end":{"line":144,"column":null}},"27":{"start":{"line":145,"column":2},"end":{"line":145,"column":null}},"28":{"start":{"line":152,"column":2},"end":{"line":152,"column":null}},"29":{"start":{"line":152,"column":45},"end":{"line":152,"column":null}},"30":{"start":{"line":155,"column":2},"end":{"line":157,"column":null}},"31":{"start":{"line":156,"column":4},"end":{"line":156,"column":null}},"32":{"start":{"line":160,"column":2},"end":{"line":165,"column":null}},"33":{"start":{"line":162,"column":23},"end":{"line":162,"column":null}},"34":{"start":{"line":163,"column":17},"end":{"line":163,"column":null}},"35":{"start":{"line":164,"column":4},"end":{"line":164,"column":null}},"36":{"start":{"line":168,"column":19},"end":{"line":168,"column":null}},"37":{"start":{"line":169,"column":2},"end":{"line":169,"column":null}},"38":{"start":{"line":169,"column":17},"end":{"line":169,"column":null}},"39":{"start":{"line":172,"column":22},"end":{"line":181,"column":null}},"40":{"start":{"line":183,"column":2},"end":{"line":199,"column":null}},"41":{"start":{"line":184,"column":18},"end":{"line":184,"column":null}},"42":{"start":{"line":185,"column":4},"end":{"line":198,"column":null}},"43":{"start":{"line":188,"column":6},"end":{"line":194,"column":null}},"44":{"start":{"line":190,"column":8},"end":{"line":190,"column":null}},"45":{"start":{"line":193,"column":8},"end":{"line":193,"column":null}},"46":{"start":{"line":196,"column":19},"end":{"line":196,"column":null}},"47":{"start":{"line":197,"column":6},"end":{"line":197,"column":null}},"48":{"start":{"line":197,"column":34},"end":{"line":197,"column":null}},"49":{"start":{"line":202,"column":15},"end":{"line":202,"column":null}},"50":{"start":{"line":203,"column":2},"end":{"line":203,"column":null}},"51":{"start":{"line":210,"column":2},"end":{"line":210,"column":null}},"52":{"start":{"line":210,"column":50},"end":{"line":210,"column":null}},"53":{"start":{"line":212,"column":18},"end":{"line":212,"column":null}},"54":{"start":{"line":212,"column":34},"end":{"line":212,"column":66}},"55":{"start":{"line":214,"column":2},"end":{"line":216,"column":null}},"56":{"start":{"line":215,"column":4},"end":{"line":215,"column":null}},"57":{"start":{"line":227,"column":40},"end":{"line":227,"column":null}},"58":{"start":{"line":228,"column":42},"end":{"line":228,"column":null}},"59":{"start":{"line":229,"column":33},"end":{"line":229,"column":null}},"60":{"start":{"line":230,"column":35},"end":{"line":230,"column":null}},"61":{"start":{"line":231,"column":32},"end":{"line":231,"column":null}},"62":{"start":{"line":236,"column":19},"end":{"line":239,"column":null}},"63":{"start":{"line":237,"column":4},"end":{"line":237,"column":null}},"64":{"start":{"line":238,"column":4},"end":{"line":238,"column":null}},"65":{"start":{"line":244,"column":21},"end":{"line":247,"column":null}},"66":{"start":{"line":245,"column":4},"end":{"line":245,"column":null}},"67":{"start":{"line":246,"column":4},"end":{"line":246,"column":null}},"68":{"start":{"line":252,"column":29},"end":{"line":267,"column":null}},"69":{"start":{"line":252,"column":79},"end":{"line":267,"column":null}},"70":{"start":{"line":269,"column":2},"end":{"line":534,"column":null}},"71":{"start":{"line":272,"column":4},"end":{"line":283,"column":null}},"72":{"start":{"line":273,"column":6},"end":{"line":277,"column":null}},"73":{"start":{"line":279,"column":6},"end":{"line":281,"column":null}},"74":{"start":{"line":282,"column":6},"end":{"line":282,"column":null}},"75":{"start":{"line":286,"column":20},"end":{"line":286,"column":null}},"76":{"start":{"line":287,"column":4},"end":{"line":295,"column":null}},"77":{"start":{"line":288,"column":6},"end":{"line":294,"column":null}},"78":{"start":{"line":289,"column":8},"end":{"line":289,"column":null}},"79":{"start":{"line":291,"column":8},"end":{"line":293,"column":null}},"80":{"start":{"line":296,"column":4},"end":{"line":299,"column":null}},"81":{"start":{"line":297,"column":6},"end":{"line":297,"column":null}},"82":{"start":{"line":298,"column":6},"end":{"line":298,"column":null}},"83":{"start":{"line":301,"column":18},"end":{"line":301,"column":null}},"84":{"start":{"line":305,"column":4},"end":{"line":316,"column":null}},"85":{"start":{"line":306,"column":6},"end":{"line":310,"column":null}},"86":{"start":{"line":312,"column":6},"end":{"line":314,"column":null}},"87":{"start":{"line":315,"column":6},"end":{"line":315,"column":null}},"88":{"start":{"line":318,"column":4},"end":{"line":321,"column":null}},"89":{"start":{"line":319,"column":6},"end":{"line":319,"column":null}},"90":{"start":{"line":320,"column":6},"end":{"line":320,"column":null}},"91":{"start":{"line":324,"column":10},"end":{"line":324,"column":null}},"92":{"start":{"line":325,"column":10},"end":{"line":325,"column":null}},"93":{"start":{"line":326,"column":23},"end":{"line":326,"column":null}},"94":{"start":{"line":327,"column":25},"end":{"line":327,"column":null}},"95":{"start":{"line":330,"column":4},"end":{"line":337,"column":null}},"96":{"start":{"line":331,"column":6},"end":{"line":335,"column":null}},"97":{"start":{"line":336,"column":6},"end":{"line":336,"column":null}},"98":{"start":{"line":340,"column":10},"end":{"line":340,"column":null}},"99":{"start":{"line":340,"column":61},"end":{"line":340,"column":76}},"100":{"start":{"line":343,"column":28},"end":{"line":343,"column":null}},"101":{"start":{"line":346,"column":59},"end":{"line":346,"column":null}},"102":{"start":{"line":349,"column":4},"end":{"line":353,"column":null}},"103":{"start":{"line":350,"column":6},"end":{"line":352,"column":null}},"104":{"start":{"line":354,"column":4},"end":{"line":358,"column":null}},"105":{"start":{"line":355,"column":6},"end":{"line":357,"column":null}},"106":{"start":{"line":359,"column":4},"end":{"line":361,"column":null}},"107":{"start":{"line":360,"column":6},"end":{"line":360,"column":null}},"108":{"start":{"line":367,"column":4},"end":{"line":379,"column":null}},"109":{"start":{"line":368,"column":33},"end":{"line":370,"column":null}},"110":{"start":{"line":369,"column":13},"end":{"line":369,"column":null}},"111":{"start":{"line":371,"column":6},"end":{"line":378,"column":null}},"112":{"start":{"line":372,"column":8},"end":{"line":376,"column":null}},"113":{"start":{"line":375,"column":64},"end":{"line":375,"column":65}},"114":{"start":{"line":377,"column":8},"end":{"line":377,"column":null}},"115":{"start":{"line":381,"column":4},"end":{"line":393,"column":null}},"116":{"start":{"line":382,"column":29},"end":{"line":384,"column":null}},"117":{"start":{"line":383,"column":13},"end":{"line":383,"column":null}},"118":{"start":{"line":385,"column":6},"end":{"line":392,"column":null}},"119":{"start":{"line":386,"column":8},"end":{"line":390,"column":null}},"120":{"start":{"line":389,"column":64},"end":{"line":389,"column":65}},"121":{"start":{"line":391,"column":8},"end":{"line":391,"column":null}},"122":{"start":{"line":396,"column":20},"end":{"line":396,"column":null}},"123":{"start":{"line":397,"column":24},"end":{"line":397,"column":null}},"124":{"start":{"line":399,"column":27},"end":{"line":399,"column":null}},"125":{"start":{"line":400,"column":25},"end":{"line":400,"column":null}},"126":{"start":{"line":401,"column":24},"end":{"line":401,"column":null}},"127":{"start":{"line":402,"column":22},"end":{"line":402,"column":null}},"128":{"start":{"line":405,"column":4},"end":{"line":495,"column":null}},"129":{"start":{"line":405,"column":17},"end":{"line":405,"column":36}},"130":{"start":{"line":406,"column":18},"end":{"line":406,"column":null}},"131":{"start":{"line":407,"column":6},"end":{"line":410,"column":null}},"132":{"start":{"line":408,"column":8},"end":{"line":408,"column":null}},"133":{"start":{"line":409,"column":8},"end":{"line":409,"column":null}},"134":{"start":{"line":413,"column":6},"end":{"line":416,"column":null}},"135":{"start":{"line":414,"column":8},"end":{"line":414,"column":null}},"136":{"start":{"line":415,"column":8},"end":{"line":415,"column":null}},"137":{"start":{"line":419,"column":30},"end":{"line":419,"column":null}},"138":{"start":{"line":420,"column":26},"end":{"line":420,"column":null}},"139":{"start":{"line":421,"column":24},"end":{"line":421,"column":null}},"140":{"start":{"line":424,"column":29},"end":{"line":424,"column":null}},"141":{"start":{"line":425,"column":6},"end":{"line":431,"column":null}},"142":{"start":{"line":426,"column":8},"end":{"line":428,"column":null}},"143":{"start":{"line":429,"column":8},"end":{"line":429,"column":null}},"144":{"start":{"line":430,"column":8},"end":{"line":430,"column":null}},"145":{"start":{"line":434,"column":29},"end":{"line":434,"column":null}},"146":{"start":{"line":437,"column":6},"end":{"line":445,"column":null}},"147":{"start":{"line":438,"column":8},"end":{"line":442,"column":null}},"148":{"start":{"line":443,"column":8},"end":{"line":443,"column":null}},"149":{"start":{"line":444,"column":8},"end":{"line":444,"column":null}},"150":{"start":{"line":448,"column":6},"end":{"line":454,"column":null}},"151":{"start":{"line":449,"column":8},"end":{"line":453,"column":null}},"152":{"start":{"line":460,"column":6},"end":{"line":468,"column":null}},"153":{"start":{"line":462,"column":8},"end":{"line":462,"column":null}},"154":{"start":{"line":463,"column":8},"end":{"line":463,"column":null}},"155":{"start":{"line":466,"column":8},"end":{"line":466,"column":null}},"156":{"start":{"line":467,"column":8},"end":{"line":467,"column":null}},"157":{"start":{"line":471,"column":25},"end":{"line":471,"column":null}},"158":{"start":{"line":474,"column":6},"end":{"line":480,"column":null}},"159":{"start":{"line":475,"column":8},"end":{"line":479,"column":null}},"160":{"start":{"line":483,"column":6},"end":{"line":490,"column":null}},"161":{"start":{"line":492,"column":6},"end":{"line":492,"column":null}},"162":{"start":{"line":493,"column":6},"end":{"line":493,"column":null}},"163":{"start":{"line":494,"column":6},"end":{"line":494,"column":null}},"164":{"start":{"line":498,"column":4},"end":{"line":510,"column":null}},"165":{"start":{"line":499,"column":6},"end":{"line":508,"column":null}},"166":{"start":{"line":509,"column":6},"end":{"line":509,"column":null}},"167":{"start":{"line":512,"column":4},"end":{"line":527,"column":null}},"168":{"start":{"line":530,"column":4},"end":{"line":532,"column":null}},"169":{"start":{"line":533,"column":4},"end":{"line":533,"column":null}},"170":{"start":{"line":552,"column":2},"end":{"line":560,"column":null}},"171":{"start":{"line":553,"column":32},"end":{"line":553,"column":null}},"172":{"start":{"line":554,"column":25},"end":{"line":554,"column":null}},"173":{"start":{"line":556,"column":4},"end":{"line":559,"column":null}},"174":{"start":{"line":558,"column":6},"end":{"line":558,"column":null}},"175":{"start":{"line":562,"column":31},"end":{"line":565,"column":null}},"176":{"start":{"line":567,"column":2},"end":{"line":567,"column":null}},"177":{"start":{"line":579,"column":2},"end":{"line":582,"column":null}},"178":{"start":{"line":581,"column":4},"end":{"line":581,"column":null}},"179":{"start":{"line":586,"column":2},"end":{"line":586,"column":null}},"180":{"start":{"line":596,"column":2},"end":{"line":596,"column":null}},"181":{"start":{"line":607,"column":2},"end":{"line":607,"column":null}}},"fnMap":{"0":{"name":"calculateNetFromGross","decl":{"start":{"line":64,"column":16},"end":{"line":64,"column":38}},"loc":{"start":{"line":64,"column":102},"end":{"line":66,"column":null}},"line":64},"1":{"name":"calculateGrossFromNet","decl":{"start":{"line":72,"column":16},"end":{"line":72,"column":38}},"loc":{"start":{"line":72,"column":100},"end":{"line":74,"column":null}},"line":72},"2":{"name":"roundToTwoDecimals","decl":{"start":{"line":79,"column":16},"end":{"line":79,"column":35}},"loc":{"start":{"line":79,"column":58},"end":{"line":81,"column":null}},"line":79},"3":{"name":"columnLetterToIndex","decl":{"start":{"line":86,"column":9},"end":{"line":86,"column":29}},"loc":{"start":{"line":86,"column":53},"end":{"line":93,"column":null}},"line":86},"4":{"name":"getCellValue","decl":{"start":{"line":99,"column":9},"end":{"line":99,"column":22}},"loc":{"start":{"line":99,"column":84},"end":{"line":116,"column":null}},"line":99},"5":{"name":"(anonymous_5)","decl":{"start":{"line":107,"column":40},"end":{"line":107,"column":null}},"loc":{"start":{"line":108,"column":4},"end":{"line":108,"column":null}},"line":108},"6":{"name":"parseNumericValue","decl":{"start":{"line":121,"column":9},"end":{"line":121,"column":27}},"loc":{"start":{"line":121,"column":51},"end":{"line":146,"column":null}},"line":121},"7":{"name":"parseDateValue","decl":{"start":{"line":151,"column":9},"end":{"line":151,"column":24}},"loc":{"start":{"line":151,"column":53},"end":{"line":204,"column":null}},"line":151},"8":{"name":"shouldSkipRow","decl":{"start":{"line":209,"column":9},"end":{"line":209,"column":23}},"loc":{"start":{"line":209,"column":72},"end":{"line":217,"column":null}},"line":209},"9":{"name":"(anonymous_9)","decl":{"start":{"line":212,"column":26},"end":{"line":212,"column":34}},"loc":{"start":{"line":212,"column":34},"end":{"line":212,"column":66}},"line":212},"10":{"name":"(anonymous_10)","decl":{"start":{"line":214,"column":27},"end":{"line":214,"column":null}},"loc":{"start":{"line":215,"column":4},"end":{"line":215,"column":null}},"line":215},"11":{"name":"parseSupplierFile","decl":{"start":{"line":222,"column":16},"end":{"line":222,"column":null}},"loc":{"start":{"line":226,"column":24},"end":{"line":535,"column":null}},"line":226},"12":{"name":"(anonymous_12)","decl":{"start":{"line":236,"column":19},"end":{"line":236,"column":20}},"loc":{"start":{"line":236,"column":51},"end":{"line":239,"column":null}},"line":236},"13":{"name":"(anonymous_13)","decl":{"start":{"line":244,"column":21},"end":{"line":244,"column":22}},"loc":{"start":{"line":244,"column":55},"end":{"line":247,"column":null}},"line":244},"14":{"name":"(anonymous_14)","decl":{"start":{"line":252,"column":29},"end":{"line":252,"column":30}},"loc":{"start":{"line":252,"column":79},"end":{"line":267,"column":null}},"line":252},"15":{"name":"(anonymous_15)","decl":{"start":{"line":340,"column":56},"end":{"line":340,"column":61}},"loc":{"start":{"line":340,"column":61},"end":{"line":340,"column":76}},"line":340},"16":{"name":"(anonymous_16)","decl":{"start":{"line":369,"column":8},"end":{"line":369,"column":13}},"loc":{"start":{"line":369,"column":13},"end":{"line":369,"column":null}},"line":369},"17":{"name":"(anonymous_17)","decl":{"start":{"line":375,"column":59},"end":{"line":375,"column":64}},"loc":{"start":{"line":375,"column":64},"end":{"line":375,"column":65}},"line":375},"18":{"name":"(anonymous_18)","decl":{"start":{"line":383,"column":8},"end":{"line":383,"column":13}},"loc":{"start":{"line":383,"column":13},"end":{"line":383,"column":null}},"line":383},"19":{"name":"(anonymous_19)","decl":{"start":{"line":389,"column":59},"end":{"line":389,"column":64}},"loc":{"start":{"line":389,"column":64},"end":{"line":389,"column":65}},"line":389},"20":{"name":"processSupplierFile","decl":{"start":{"line":544,"column":22},"end":{"line":544,"column":null}},"loc":{"start":{"line":550,"column":33},"end":{"line":568,"column":null}},"line":550},"21":{"name":"calculateCommission","decl":{"start":{"line":574,"column":16},"end":{"line":574,"column":null}},"loc":{"start":{"line":578,"column":10},"end":{"line":587,"column":null}},"line":578},"22":{"name":"getCurrentVatRate","decl":{"start":{"line":595,"column":22},"end":{"line":595,"column":59}},"loc":{"start":{"line":595,"column":59},"end":{"line":597,"column":null}},"line":595},"23":{"name":"getVatRateForDate","decl":{"start":{"line":606,"column":22},"end":{"line":606,"column":40}},"loc":{"start":{"line":606,"column":69},"end":{"line":608,"column":null}},"line":606}},"branchMap":{"0":{"loc":{"start":{"line":64,"column":59},"end":{"line":64,"column":102}},"type":"default-arg","locations":[{"start":{"line":64,"column":77},"end":{"line":64,"column":102}}],"line":64},"1":{"loc":{"start":{"line":72,"column":57},"end":{"line":72,"column":100}},"type":"default-arg","locations":[{"start":{"line":72,"column":75},"end":{"line":72,"column":100}}],"line":72},"2":{"loc":{"start":{"line":101,"column":2},"end":{"line":104,"column":null}},"type":"if","locations":[{"start":{"line":101,"column":2},"end":{"line":104,"column":null}},{"start":{},"end":{}}],"line":101},"3":{"loc":{"start":{"line":111,"column":2},"end":{"line":113,"column":null}},"type":"if","locations":[{"start":{"line":111,"column":2},"end":{"line":113,"column":null}},{"start":{},"end":{}}],"line":111},"4":{"loc":{"start":{"line":122,"column":2},"end":{"line":122,"column":null}},"type":"if","locations":[{"start":{"line":122,"column":2},"end":{"line":122,"column":null}},{"start":{},"end":{}}],"line":122},"5":{"loc":{"start":{"line":122,"column":6},"end":{"line":122,"column":45}},"type":"binary-expr","locations":[{"start":{"line":122,"column":6},"end":{"line":122,"column":24}},{"start":{"line":122,"column":24},"end":{"line":122,"column":45}}],"line":122},"6":{"loc":{"start":{"line":125,"column":2},"end":{"line":127,"column":null}},"type":"if","locations":[{"start":{"line":125,"column":2},"end":{"line":127,"column":null}},{"start":{},"end":{}}],"line":125},"7":{"loc":{"start":{"line":126,"column":11},"end":{"line":126,"column":null}},"type":"cond-expr","locations":[{"start":{"line":126,"column":26},"end":{"line":126,"column":30}},{"start":{"line":126,"column":30},"end":{"line":126,"column":null}}],"line":126},"8":{"loc":{"start":{"line":140,"column":2},"end":{"line":142,"column":null}},"type":"if","locations":[{"start":{"line":140,"column":2},"end":{"line":142,"column":null}},{"start":{},"end":{}}],"line":140},"9":{"loc":{"start":{"line":140,"column":6},"end":{"line":140,"column":58}},"type":"binary-expr","locations":[{"start":{"line":140,"column":6},"end":{"line":140,"column":34}},{"start":{"line":140,"column":34},"end":{"line":140,"column":58}}],"line":140},"10":{"loc":{"start":{"line":145,"column":9},"end":{"line":145,"column":null}},"type":"cond-expr","locations":[{"start":{"line":145,"column":25},"end":{"line":145,"column":29}},{"start":{"line":145,"column":29},"end":{"line":145,"column":null}}],"line":145},"11":{"loc":{"start":{"line":152,"column":2},"end":{"line":152,"column":null}},"type":"if","locations":[{"start":{"line":152,"column":2},"end":{"line":152,"column":null}},{"start":{},"end":{}}],"line":152},"12":{"loc":{"start":{"line":152,"column":6},"end":{"line":152,"column":45}},"type":"binary-expr","locations":[{"start":{"line":152,"column":6},"end":{"line":152,"column":24}},{"start":{"line":152,"column":24},"end":{"line":152,"column":45}}],"line":152},"13":{"loc":{"start":{"line":155,"column":2},"end":{"line":157,"column":null}},"type":"if","locations":[{"start":{"line":155,"column":2},"end":{"line":157,"column":null}},{"start":{},"end":{}}],"line":155},"14":{"loc":{"start":{"line":156,"column":11},"end":{"line":156,"column":null}},"type":"cond-expr","locations":[{"start":{"line":156,"column":36},"end":{"line":156,"column":43}},{"start":{"line":156,"column":43},"end":{"line":156,"column":null}}],"line":156},"15":{"loc":{"start":{"line":160,"column":2},"end":{"line":165,"column":null}},"type":"if","locations":[{"start":{"line":160,"column":2},"end":{"line":165,"column":null}},{"start":{},"end":{}}],"line":160},"16":{"loc":{"start":{"line":164,"column":11},"end":{"line":164,"column":null}},"type":"cond-expr","locations":[{"start":{"line":164,"column":35},"end":{"line":164,"column":42}},{"start":{"line":164,"column":42},"end":{"line":164,"column":null}}],"line":164},"17":{"loc":{"start":{"line":169,"column":2},"end":{"line":169,"column":null}},"type":"if","locations":[{"start":{"line":169,"column":2},"end":{"line":169,"column":null}},{"start":{},"end":{}}],"line":169},"18":{"loc":{"start":{"line":185,"column":4},"end":{"line":198,"column":null}},"type":"if","locations":[{"start":{"line":185,"column":4},"end":{"line":198,"column":null}},{"start":{},"end":{}}],"line":185},"19":{"loc":{"start":{"line":188,"column":6},"end":{"line":194,"column":null}},"type":"if","locations":[{"start":{"line":188,"column":6},"end":{"line":194,"column":null}},{"start":{"line":191,"column":13},"end":{"line":194,"column":null}}],"line":188},"20":{"loc":{"start":{"line":197,"column":6},"end":{"line":197,"column":null}},"type":"if","locations":[{"start":{"line":197,"column":6},"end":{"line":197,"column":null}},{"start":{},"end":{}}],"line":197},"21":{"loc":{"start":{"line":203,"column":9},"end":{"line":203,"column":null}},"type":"cond-expr","locations":[{"start":{"line":203,"column":33},"end":{"line":203,"column":40}},{"start":{"line":203,"column":40},"end":{"line":203,"column":null}}],"line":203},"22":{"loc":{"start":{"line":210,"column":2},"end":{"line":210,"column":null}},"type":"if","locations":[{"start":{"line":210,"column":2},"end":{"line":210,"column":null}},{"start":{},"end":{}}],"line":210},"23":{"loc":{"start":{"line":210,"column":6},"end":{"line":210,"column":50}},"type":"binary-expr","locations":[{"start":{"line":210,"column":6},"end":{"line":210,"column":23}},{"start":{"line":210,"column":23},"end":{"line":210,"column":50}}],"line":210},"24":{"loc":{"start":{"line":212,"column":41},"end":{"line":212,"column":51}},"type":"binary-expr","locations":[{"start":{"line":212,"column":41},"end":{"line":212,"column":49}},{"start":{"line":212,"column":49},"end":{"line":212,"column":51}}],"line":212},"25":{"loc":{"start":{"line":238,"column":39},"end":{"line":238,"column":81}},"type":"cond-expr","locations":[{"start":{"line":238,"column":55},"end":{"line":238,"column":78}},{"start":{"line":238,"column":78},"end":{"line":238,"column":81}}],"line":238},"26":{"loc":{"start":{"line":246,"column":43},"end":{"line":246,"column":89}},"type":"cond-expr","locations":[{"start":{"line":246,"column":61},"end":{"line":246,"column":86}},{"start":{"line":246,"column":86},"end":{"line":246,"column":89}}],"line":246},"27":{"loc":{"start":{"line":252,"column":30},"end":{"line":252,"column":79}},"type":"default-arg","locations":[{"start":{"line":252,"column":50},"end":{"line":252,"column":79}}],"line":252},"28":{"loc":{"start":{"line":280,"column":17},"end":{"line":280,"column":null}},"type":"cond-expr","locations":[{"start":{"line":280,"column":47},"end":{"line":280,"column":68}},{"start":{"line":280,"column":68},"end":{"line":280,"column":null}}],"line":280},"29":{"loc":{"start":{"line":287,"column":4},"end":{"line":295,"column":null}},"type":"if","locations":[{"start":{"line":287,"column":4},"end":{"line":295,"column":null}},{"start":{},"end":{}}],"line":287},"30":{"loc":{"start":{"line":288,"column":6},"end":{"line":294,"column":null}},"type":"if","locations":[{"start":{"line":288,"column":6},"end":{"line":294,"column":null}},{"start":{"line":290,"column":13},"end":{"line":294,"column":null}}],"line":288},"31":{"loc":{"start":{"line":296,"column":4},"end":{"line":299,"column":null}},"type":"if","locations":[{"start":{"line":296,"column":4},"end":{"line":299,"column":null}},{"start":{},"end":{}}],"line":296},"32":{"loc":{"start":{"line":313,"column":17},"end":{"line":313,"column":null}},"type":"cond-expr","locations":[{"start":{"line":313,"column":52},"end":{"line":313,"column":78}},{"start":{"line":313,"column":78},"end":{"line":313,"column":null}}],"line":313},"33":{"loc":{"start":{"line":318,"column":4},"end":{"line":321,"column":null}},"type":"if","locations":[{"start":{"line":318,"column":4},"end":{"line":321,"column":null}},{"start":{},"end":{}}],"line":318},"34":{"loc":{"start":{"line":318,"column":8},"end":{"line":318,"column":42}},"type":"binary-expr","locations":[{"start":{"line":318,"column":8},"end":{"line":318,"column":20}},{"start":{"line":318,"column":20},"end":{"line":318,"column":42}}],"line":318},"35":{"loc":{"start":{"line":324,"column":28},"end":{"line":324,"column":58}},"type":"binary-expr","locations":[{"start":{"line":324,"column":28},"end":{"line":324,"column":53}},{"start":{"line":324,"column":53},"end":{"line":324,"column":58}}],"line":324},"36":{"loc":{"start":{"line":325,"column":31},"end":{"line":325,"column":64}},"type":"binary-expr","locations":[{"start":{"line":325,"column":31},"end":{"line":325,"column":59}},{"start":{"line":325,"column":59},"end":{"line":325,"column":64}}],"line":325},"37":{"loc":{"start":{"line":326,"column":23},"end":{"line":326,"column":null}},"type":"binary-expr","locations":[{"start":{"line":326,"column":23},"end":{"line":326,"column":49}},{"start":{"line":326,"column":49},"end":{"line":326,"column":null}}],"line":326},"38":{"loc":{"start":{"line":327,"column":25},"end":{"line":327,"column":null}},"type":"binary-expr","locations":[{"start":{"line":327,"column":25},"end":{"line":327,"column":53}},{"start":{"line":327,"column":53},"end":{"line":327,"column":null}}],"line":327},"39":{"loc":{"start":{"line":330,"column":4},"end":{"line":337,"column":null}},"type":"if","locations":[{"start":{"line":330,"column":4},"end":{"line":337,"column":null}},{"start":{},"end":{}}],"line":330},"40":{"loc":{"start":{"line":340,"column":21},"end":{"line":340,"column":52}},"type":"binary-expr","locations":[{"start":{"line":340,"column":21},"end":{"line":340,"column":48}},{"start":{"line":340,"column":48},"end":{"line":340,"column":52}}],"line":340},"41":{"loc":{"start":{"line":340,"column":68},"end":{"line":340,"column":75}},"type":"binary-expr","locations":[{"start":{"line":340,"column":68},"end":{"line":340,"column":73}},{"start":{"line":340,"column":73},"end":{"line":340,"column":75}}],"line":340},"42":{"loc":{"start":{"line":349,"column":4},"end":{"line":353,"column":null}},"type":"if","locations":[{"start":{"line":349,"column":4},"end":{"line":353,"column":null}},{"start":{},"end":{}}],"line":349},"43":{"loc":{"start":{"line":354,"column":4},"end":{"line":358,"column":null}},"type":"if","locations":[{"start":{"line":354,"column":4},"end":{"line":358,"column":null}},{"start":{},"end":{}}],"line":354},"44":{"loc":{"start":{"line":359,"column":4},"end":{"line":361,"column":null}},"type":"if","locations":[{"start":{"line":359,"column":4},"end":{"line":361,"column":null}},{"start":{},"end":{}}],"line":359},"45":{"loc":{"start":{"line":359,"column":8},"end":{"line":359,"column":44}},"type":"binary-expr","locations":[{"start":{"line":359,"column":8},"end":{"line":359,"column":29}},{"start":{"line":359,"column":29},"end":{"line":359,"column":44}}],"line":359},"46":{"loc":{"start":{"line":367,"column":4},"end":{"line":379,"column":null}},"type":"if","locations":[{"start":{"line":367,"column":4},"end":{"line":379,"column":null}},{"start":{},"end":{}}],"line":367},"47":{"loc":{"start":{"line":371,"column":6},"end":{"line":378,"column":null}},"type":"if","locations":[{"start":{"line":371,"column":6},"end":{"line":378,"column":null}},{"start":{},"end":{}}],"line":371},"48":{"loc":{"start":{"line":381,"column":4},"end":{"line":393,"column":null}},"type":"if","locations":[{"start":{"line":381,"column":4},"end":{"line":393,"column":null}},{"start":{},"end":{}}],"line":381},"49":{"loc":{"start":{"line":385,"column":6},"end":{"line":392,"column":null}},"type":"if","locations":[{"start":{"line":385,"column":6},"end":{"line":392,"column":null}},{"start":{},"end":{}}],"line":385},"50":{"loc":{"start":{"line":396,"column":20},"end":{"line":396,"column":null}},"type":"binary-expr","locations":[{"start":{"line":396,"column":20},"end":{"line":396,"column":41}},{"start":{"line":396,"column":41},"end":{"line":396,"column":null}}],"line":396},"51":{"loc":{"start":{"line":407,"column":6},"end":{"line":410,"column":null}},"type":"if","locations":[{"start":{"line":407,"column":6},"end":{"line":410,"column":null}},{"start":{},"end":{}}],"line":407},"52":{"loc":{"start":{"line":407,"column":10},"end":{"line":407,"column":36}},"type":"binary-expr","locations":[{"start":{"line":407,"column":10},"end":{"line":407,"column":18}},{"start":{"line":407,"column":18},"end":{"line":407,"column":36}}],"line":407},"53":{"loc":{"start":{"line":413,"column":6},"end":{"line":416,"column":null}},"type":"if","locations":[{"start":{"line":413,"column":6},"end":{"line":416,"column":null}},{"start":{},"end":{}}],"line":413},"54":{"loc":{"start":{"line":421,"column":24},"end":{"line":421,"column":null}},"type":"cond-expr","locations":[{"start":{"line":421,"column":37},"end":{"line":421,"column":78}},{"start":{"line":421,"column":78},"end":{"line":421,"column":null}}],"line":421},"55":{"loc":{"start":{"line":424,"column":36},"end":{"line":424,"column":57}},"type":"binary-expr","locations":[{"start":{"line":424,"column":36},"end":{"line":424,"column":55}},{"start":{"line":424,"column":55},"end":{"line":424,"column":57}}],"line":424},"56":{"loc":{"start":{"line":425,"column":6},"end":{"line":431,"column":null}},"type":"if","locations":[{"start":{"line":425,"column":6},"end":{"line":431,"column":null}},{"start":{},"end":{}}],"line":425},"57":{"loc":{"start":{"line":437,"column":6},"end":{"line":445,"column":null}},"type":"if","locations":[{"start":{"line":437,"column":6},"end":{"line":445,"column":null}},{"start":{},"end":{}}],"line":437},"58":{"loc":{"start":{"line":441,"column":24},"end":{"line":441,"column":41}},"type":"binary-expr","locations":[{"start":{"line":441,"column":24},"end":{"line":441,"column":39}},{"start":{"line":441,"column":39},"end":{"line":441,"column":41}}],"line":441},"59":{"loc":{"start":{"line":448,"column":6},"end":{"line":454,"column":null}},"type":"if","locations":[{"start":{"line":448,"column":6},"end":{"line":454,"column":null}},{"start":{},"end":{}}],"line":448},"60":{"loc":{"start":{"line":460,"column":6},"end":{"line":468,"column":null}},"type":"if","locations":[{"start":{"line":460,"column":6},"end":{"line":468,"column":null}},{"start":{"line":464,"column":13},"end":{"line":468,"column":null}}],"line":460},"61":{"loc":{"start":{"line":474,"column":6},"end":{"line":480,"column":null}},"type":"if","locations":[{"start":{"line":474,"column":6},"end":{"line":480,"column":null}},{"start":{},"end":{}}],"line":474},"62":{"loc":{"start":{"line":474,"column":10},"end":{"line":474,"column":50}},"type":"binary-expr","locations":[{"start":{"line":474,"column":10},"end":{"line":474,"column":24}},{"start":{"line":474,"column":24},"end":{"line":474,"column":37}},{"start":{"line":474,"column":37},"end":{"line":474,"column":50}}],"line":474},"63":{"loc":{"start":{"line":498,"column":4},"end":{"line":510,"column":null}},"type":"if","locations":[{"start":{"line":498,"column":4},"end":{"line":510,"column":null}},{"start":{},"end":{}}],"line":498},"64":{"loc":{"start":{"line":498,"column":8},"end":{"line":498,"column":50}},"type":"binary-expr","locations":[{"start":{"line":498,"column":8},"end":{"line":498,"column":31}},{"start":{"line":498,"column":31},"end":{"line":498,"column":50}}],"line":498},"65":{"loc":{"start":{"line":531,"column":15},"end":{"line":531,"column":null}},"type":"cond-expr","locations":[{"start":{"line":531,"column":40},"end":{"line":531,"column":56}},{"start":{"line":531,"column":56},"end":{"line":531,"column":null}}],"line":531},"66":{"loc":{"start":{"line":552,"column":2},"end":{"line":560,"column":null}},"type":"if","locations":[{"start":{"line":552,"column":2},"end":{"line":560,"column":null}},{"start":{},"end":{}}],"line":552},"67":{"loc":{"start":{"line":552,"column":6},"end":{"line":552,"column":48}},"type":"binary-expr","locations":[{"start":{"line":552,"column":6},"end":{"line":552,"column":34}},{"start":{"line":552,"column":34},"end":{"line":552,"column":48}}],"line":552},"68":{"loc":{"start":{"line":556,"column":4},"end":{"line":559,"column":null}},"type":"if","locations":[{"start":{"line":556,"column":4},"end":{"line":559,"column":null}},{"start":{},"end":{}}],"line":556},"69":{"loc":{"start":{"line":577,"column":2},"end":{"line":577,"column":null}},"type":"default-arg","locations":[{"start":{"line":577,"column":46},"end":{"line":577,"column":null}}],"line":577},"70":{"loc":{"start":{"line":579,"column":2},"end":{"line":582,"column":null}},"type":"if","locations":[{"start":{"line":579,"column":2},"end":{"line":582,"column":null}},{"start":{},"end":{}}],"line":579}},"s":{"0":1,"1":13,"2":8,"3":21,"4":0,"5":0,"6":0,"7":0,"8":0,"9":0,"10":0,"11":0,"12":0,"13":0,"14":0,"15":0,"16":0,"17":0,"18":0,"19":0,"20":0,"21":0,"22":0,"23":0,"24":0,"25":0,"26":0,"27":0,"28":0,"29":0,"30":0,"31":0,"32":0,"33":0,"34":0,"35":0,"36":0,"37":0,"38":0,"39":0,"40":0,"41":0,"42":0,"43":0,"44":0,"45":0,"46":0,"47":0,"48":0,"49":0,"50":0,"51":0,"52":0,"53":0,"54":0,"55":0,"56":0,"57":0,"58":0,"59":0,"60":0,"61":0,"62":0,"63":0,"64":0,"65":0,"66":0,"67":0,"68":0,"69":0,"70":0,"71":0,"72":0,"73":0,"74":0,"75":0,"76":0,"77":0,"78":0,"79":0,"80":0,"81":0,"82":0,"83":0,"84":0,"85":0,"86":0,"87":0,"88":0,"89":0,"90":0,"91":0,"92":0,"93":0,"94":0,"95":0,"96":0,"97":0,"98":0,"99":0,"100":0,"101":0,"102":0,"103":0,"104":0,"105":0,"106":0,"107":0,"108":0,"109":0,"110":0,"111":0,"112":0,"113":0,"114":0,"115":0,"116":0,"117":0,"118":0,"119":0,"120":0,"121":0,"122":0,"123":0,"124":0,"125":0,"126":0,"127":0,"128":0,"129":0,"130":0,"131":0,"132":0,"133":0,"134":0,"135":0,"136":0,"137":0,"138":0,"139":0,"140":0,"141":0,"142":0,"143":0,"144":0,"145":0,"146":0,"147":0,"148":0,"149":0,"150":0,"151":0,"152":0,"153":0,"154":0,"155":0,"156":0,"157":0,"158":0,"159":0,"160":0,"161":0,"162":0,"163":0,"164":0,"165":0,"166":0,"167":0,"168":0,"169":0,"170":0,"171":0,"172":0,"173":0,"174":0,"175":0,"176":0,"177":0,"178":0,"179":0,"180":0,"181":0},"f":{"0":13,"1":8,"2":21,"3":0,"4":0,"5":0,"6":0,"7":0,"8":0,"9":0,"10":0,"11":0,"12":0,"13":0,"14":0,"15":0,"16":0,"17":0,"18":0,"19":0,"20":0,"21":0,"22":0,"23":0},"b":{"0":[13],"1":[8],"2":[0,0],"3":[0,0],"4":[0,0],"5":[0,0],"6":[0,0],"7":[0,0],"8":[0,0],"9":[0,0],"10":[0,0],"11":[0,0],"12":[0,0],"13":[0,0],"14":[0,0],"15":[0,0],"16":[0,0],"17":[0,0],"18":[0,0],"19":[0,0],"20":[0,0],"21":[0,0],"22":[0,0],"23":[0,0],"24":[0,0],"25":[0,0],"26":[0,0],"27":[0],"28":[0,0],"29":[0,0],"30":[0,0],"31":[0,0],"32":[0,0],"33":[0,0],"34":[0,0],"35":[0,0],"36":[0,0],"37":[0,0],"38":[0,0],"39":[0,0],"40":[0,0],"41":[0,0],"42":[0,0],"43":[0,0],"44":[0,0],"45":[0,0],"46":[0,0],"47":[0,0],"48":[0,0],"49":[0,0],"50":[0,0],"51":[0,0],"52":[0,0],"53":[0,0],"54":[0,0],"55":[0,0],"56":[0,0],"57":[0,0],"58":[0,0],"59":[0,0],"60":[0,0],"61":[0,0],"62":[0,0,0],"63":[0,0],"64":[0,0],"65":[0,0],"66":[0,0],"67":[0,0],"68":[0,0],"69":[0],"70":[0,0]},"meta":{"lastBranch":71,"lastFunction":24,"lastStatement":182,"seen":{"s:19:31:19:Infinity":0,"f:64:16:64:38":0,"b:64:77:64:102":0,"s:65:2:65:Infinity":1,"f:72:16:72:38":1,"b:72:75:72:100":1,"s:73:2:73:Infinity":2,"f:79:16:79:35":2,"s:80:2:80:Infinity":3,"f:86:9:86:29":3,"s:87:16:87:Infinity":4,"s:88:14:88:Infinity":5,"s:89:2:91:Infinity":6,"s:89:15:89:18":7,"s:90:4:90:Infinity":8,"s:92:2:92:Infinity":9,"f:99:9:99:22":4,"b:101:2:104:Infinity:undefined:undefined:undefined:undefined":2,"s:101:2:104:Infinity":10,"s:102:18:102:Infinity":11,"s:103:4:103:Infinity":12,"s:107:22:109:Infinity":13,"f:107:40:107:Infinity":5,"s:108:4:108:Infinity":14,"b:111:2:113:Infinity:undefined:undefined:undefined:undefined":3,"s:111:2:113:Infinity":15,"s:112:4:112:Infinity":16,"s:115:2:115:Infinity":17,"f:121:9:121:27":6,"b:122:2:122:Infinity:undefined:undefined:undefined:undefined":4,"s:122:2:122:Infinity":18,"b:122:6:122:24:122:24:122:45":5,"s:122:45:122:Infinity":19,"b:125:2:127:Infinity:undefined:undefined:undefined:undefined":6,"s:125:2:127:Infinity":20,"s:126:4:126:Infinity":21,"b:126:26:126:30:126:30:126:Infinity":7,"s:130:17:130:Infinity":22,"s:133:2:137:Infinity":23,"b:140:2:142:Infinity:undefined:undefined:undefined:undefined":8,"s:140:2:142:Infinity":24,"b:140:6:140:34:140:34:140:58":9,"s:141:4:141:Infinity":25,"s:144:17:144:Infinity":26,"s:145:2:145:Infinity":27,"b:145:25:145:29:145:29:145:Infinity":10,"f:151:9:151:24":7,"b:152:2:152:Infinity:undefined:undefined:undefined:undefined":11,"s:152:2:152:Infinity":28,"b:152:6:152:24:152:24:152:45":12,"s:152:45:152:Infinity":29,"b:155:2:157:Infinity:undefined:undefined:undefined:undefined":13,"s:155:2:157:Infinity":30,"s:156:4:156:Infinity":31,"b:156:36:156:43:156:43:156:Infinity":14,"b:160:2:165:Infinity:undefined:undefined:undefined:undefined":15,"s:160:2:165:Infinity":32,"s:162:23:162:Infinity":33,"s:163:17:163:Infinity":34,"s:164:4:164:Infinity":35,"b:164:35:164:42:164:42:164:Infinity":16,"s:168:19:168:Infinity":36,"b:169:2:169:Infinity:undefined:undefined:undefined:undefined":17,"s:169:2:169:Infinity":37,"s:169:17:169:Infinity":38,"s:172:22:181:Infinity":39,"s:183:2:199:Infinity":40,"s:184:18:184:Infinity":41,"b:185:4:198:Infinity:undefined:undefined:undefined:undefined":18,"s:185:4:198:Infinity":42,"b:188:6:194:Infinity:191:13:194:Infinity":19,"s:188:6:194:Infinity":43,"s:190:8:190:Infinity":44,"s:193:8:193:Infinity":45,"s:196:19:196:Infinity":46,"b:197:6:197:Infinity:undefined:undefined:undefined:undefined":20,"s:197:6:197:Infinity":47,"s:197:34:197:Infinity":48,"s:202:15:202:Infinity":49,"s:203:2:203:Infinity":50,"b:203:33:203:40:203:40:203:Infinity":21,"f:209:9:209:23":8,"b:210:2:210:Infinity:undefined:undefined:undefined:undefined":22,"s:210:2:210:Infinity":51,"b:210:6:210:23:210:23:210:50":23,"s:210:50:210:Infinity":52,"s:212:18:212:Infinity":53,"f:212:26:212:34":9,"s:212:34:212:66":54,"b:212:41:212:49:212:49:212:51":24,"s:214:2:216:Infinity":55,"f:214:27:214:Infinity":10,"s:215:4:215:Infinity":56,"f:222:16:222:Infinity":11,"s:227:40:227:Infinity":57,"s:228:42:228:Infinity":58,"s:229:33:229:Infinity":59,"s:230:35:230:Infinity":60,"s:231:32:231:Infinity":61,"s:236:19:239:Infinity":62,"f:236:19:236:20":12,"s:237:4:237:Infinity":63,"s:238:4:238:Infinity":64,"b:238:55:238:78:238:78:238:81":25,"s:244:21:247:Infinity":65,"f:244:21:244:22":13,"s:245:4:245:Infinity":66,"s:246:4:246:Infinity":67,"b:246:61:246:86:246:86:246:89":26,"s:252:29:267:Infinity":68,"f:252:29:252:30":14,"s:252:79:267:Infinity":69,"b:252:50:252:79":27,"s:269:2:534:Infinity":70,"s:272:4:283:Infinity":71,"s:273:6:277:Infinity":72,"s:279:6:281:Infinity":73,"b:280:47:280:68:280:68:280:Infinity":28,"s:282:6:282:Infinity":74,"s:286:20:286:Infinity":75,"b:287:4:295:Infinity:undefined:undefined:undefined:undefined":29,"s:287:4:295:Infinity":76,"b:288:6:294:Infinity:290:13:294:Infinity":30,"s:288:6:294:Infinity":77,"s:289:8:289:Infinity":78,"s:291:8:293:Infinity":79,"b:296:4:299:Infinity:undefined:undefined:undefined:undefined":31,"s:296:4:299:Infinity":80,"s:297:6:297:Infinity":81,"s:298:6:298:Infinity":82,"s:301:18:301:Infinity":83,"s:305:4:316:Infinity":84,"s:306:6:310:Infinity":85,"s:312:6:314:Infinity":86,"b:313:52:313:78:313:78:313:Infinity":32,"s:315:6:315:Infinity":87,"b:318:4:321:Infinity:undefined:undefined:undefined:undefined":33,"s:318:4:321:Infinity":88,"b:318:8:318:20:318:20:318:42":34,"s:319:6:319:Infinity":89,"s:320:6:320:Infinity":90,"s:324:10:324:Infinity":91,"b:324:28:324:53:324:53:324:58":35,"s:325:10:325:Infinity":92,"b:325:31:325:59:325:59:325:64":36,"s:326:23:326:Infinity":93,"b:326:23:326:49:326:49:326:Infinity":37,"s:327:25:327:Infinity":94,"b:327:25:327:53:327:53:327:Infinity":38,"b:330:4:337:Infinity:undefined:undefined:undefined:undefined":39,"s:330:4:337:Infinity":95,"s:331:6:335:Infinity":96,"s:336:6:336:Infinity":97,"s:340:10:340:Infinity":98,"b:340:21:340:48:340:48:340:52":40,"f:340:56:340:61":15,"s:340:61:340:76":99,"b:340:68:340:73:340:73:340:75":41,"s:343:28:343:Infinity":100,"s:346:59:346:Infinity":101,"b:349:4:353:Infinity:undefined:undefined:undefined:undefined":42,"s:349:4:353:Infinity":102,"s:350:6:352:Infinity":103,"b:354:4:358:Infinity:undefined:undefined:undefined:undefined":43,"s:354:4:358:Infinity":104,"s:355:6:357:Infinity":105,"b:359:4:361:Infinity:undefined:undefined:undefined:undefined":44,"s:359:4:361:Infinity":106,"b:359:8:359:29:359:29:359:44":45,"s:360:6:360:Infinity":107,"b:367:4:379:Infinity:undefined:undefined:undefined:undefined":46,"s:367:4:379:Infinity":108,"s:368:33:370:Infinity":109,"f:369:8:369:13":16,"s:369:13:369:Infinity":110,"b:371:6:378:Infinity:undefined:undefined:undefined:undefined":47,"s:371:6:378:Infinity":111,"s:372:8:376:Infinity":112,"f:375:59:375:64":17,"s:375:64:375:65":113,"s:377:8:377:Infinity":114,"b:381:4:393:Infinity:undefined:undefined:undefined:undefined":48,"s:381:4:393:Infinity":115,"s:382:29:384:Infinity":116,"f:383:8:383:13":18,"s:383:13:383:Infinity":117,"b:385:6:392:Infinity:undefined:undefined:undefined:undefined":49,"s:385:6:392:Infinity":118,"s:386:8:390:Infinity":119,"f:389:59:389:64":19,"s:389:64:389:65":120,"s:391:8:391:Infinity":121,"s:396:20:396:Infinity":122,"b:396:20:396:41:396:41:396:Infinity":50,"s:397:24:397:Infinity":123,"s:399:27:399:Infinity":124,"s:400:25:400:Infinity":125,"s:401:24:401:Infinity":126,"s:402:22:402:Infinity":127,"s:405:4:495:Infinity":128,"s:405:17:405:36":129,"s:406:18:406:Infinity":130,"b:407:6:410:Infinity:undefined:undefined:undefined:undefined":51,"s:407:6:410:Infinity":131,"b:407:10:407:18:407:18:407:36":52,"s:408:8:408:Infinity":132,"s:409:8:409:Infinity":133,"b:413:6:416:Infinity:undefined:undefined:undefined:undefined":53,"s:413:6:416:Infinity":134,"s:414:8:414:Infinity":135,"s:415:8:415:Infinity":136,"s:419:30:419:Infinity":137,"s:420:26:420:Infinity":138,"s:421:24:421:Infinity":139,"b:421:37:421:78:421:78:421:Infinity":54,"s:424:29:424:Infinity":140,"b:424:36:424:55:424:55:424:57":55,"b:425:6:431:Infinity:undefined:undefined:undefined:undefined":56,"s:425:6:431:Infinity":141,"s:426:8:428:Infinity":142,"s:429:8:429:Infinity":143,"s:430:8:430:Infinity":144,"s:434:29:434:Infinity":145,"b:437:6:445:Infinity:undefined:undefined:undefined:undefined":57,"s:437:6:445:Infinity":146,"s:438:8:442:Infinity":147,"b:441:24:441:39:441:39:441:41":58,"s:443:8:443:Infinity":148,"s:444:8:444:Infinity":149,"b:448:6:454:Infinity:undefined:undefined:undefined:undefined":59,"s:448:6:454:Infinity":150,"s:449:8:453:Infinity":151,"b:460:6:468:Infinity:464:13:468:Infinity":60,"s:460:6:468:Infinity":152,"s:462:8:462:Infinity":153,"s:463:8:463:Infinity":154,"s:466:8:466:Infinity":155,"s:467:8:467:Infinity":156,"s:471:25:471:Infinity":157,"b:474:6:480:Infinity:undefined:undefined:undefined:undefined":61,"s:474:6:480:Infinity":158,"b:474:10:474:24:474:24:474:37:474:37:474:50":62,"s:475:8:479:Infinity":159,"s:483:6:490:Infinity":160,"s:492:6:492:Infinity":161,"s:493:6:493:Infinity":162,"s:494:6:494:Infinity":163,"b:498:4:510:Infinity:undefined:undefined:undefined:undefined":63,"s:498:4:510:Infinity":164,"b:498:8:498:31:498:31:498:50":64,"s:499:6:508:Infinity":165,"s:509:6:509:Infinity":166,"s:512:4:527:Infinity":167,"s:530:4:532:Infinity":168,"b:531:40:531:56:531:56:531:Infinity":65,"s:533:4:533:Infinity":169,"f:544:22:544:Infinity":20,"b:552:2:560:Infinity:undefined:undefined:undefined:undefined":66,"s:552:2:560:Infinity":170,"b:552:6:552:34:552:34:552:48":67,"s:553:32:553:Infinity":171,"s:554:25:554:Infinity":172,"b:556:4:559:Infinity:undefined:undefined:undefined:undefined":68,"s:556:4:559:Infinity":173,"s:558:6:558:Infinity":174,"s:562:31:565:Infinity":175,"s:567:2:567:Infinity":176,"f:574:16:574:Infinity":21,"b:577:46:577:Infinity":69,"b:579:2:582:Infinity:undefined:undefined:undefined:undefined":70,"s:579:2:582:Infinity":177,"s:581:4:581:Infinity":178,"s:586:2:586:Infinity":179,"f:595:22:595:59":22,"s:596:2:596:Infinity":180,"f:606:22:606:40":23,"s:607:2:607:Infinity":181}}}
,"/Users/asafbenatia/Projects/La_Table_Management/src/lib/pagination.ts": {"path":"/Users/asafbenatia/Projects/La_Table_Management/src/lib/pagination.ts","statementMap":{"0":{"start":{"line":23,"column":33},"end":{"line":23,"column":null}},"1":{"start":{"line":24,"column":29},"end":{"line":24,"column":null}},"2":{"start":{"line":34,"column":15},"end":{"line":34,"column":null}},"3":{"start":{"line":35,"column":16},"end":{"line":35,"column":null}},"4":{"start":{"line":36,"column":8},"end":{"line":36,"column":null}},"5":{"start":{"line":38,"column":2},"end":{"line":38,"column":null}},"6":{"start":{"line":49,"column":21},"end":{"line":49,"column":null}},"7":{"start":{"line":51,"column":2},"end":{"line":61,"column":null}},"8":{"start":{"line":70,"column":15},"end":{"line":70,"column":null}},"9":{"start":{"line":71,"column":16},"end":{"line":71,"column":null}},"10":{"start":{"line":73,"column":2},"end":{"line":76,"column":null}}},"fnMap":{"0":{"name":"normalizePaginationParams","decl":{"start":{"line":29,"column":16},"end":{"line":29,"column":42}},"loc":{"start":{"line":33,"column":2},"end":{"line":39,"column":null}},"line":33},"1":{"name":"createPaginatedResult","decl":{"start":{"line":44,"column":16},"end":{"line":44,"column":null}},"loc":{"start":{"line":48,"column":22},"end":{"line":62,"column":null}},"line":48},"2":{"name":"parsePaginationFromSearchParams","decl":{"start":{"line":67,"column":16},"end":{"line":67,"column":null}},"loc":{"start":{"line":69,"column":20},"end":{"line":77,"column":null}},"line":69}},"branchMap":{"0":{"loc":{"start":{"line":34,"column":27},"end":{"line":34,"column":43}},"type":"binary-expr","locations":[{"start":{"line":34,"column":27},"end":{"line":34,"column":42}},{"start":{"line":34,"column":42},"end":{"line":34,"column":43}}],"line":34},"1":{"loc":{"start":{"line":35,"column":52},"end":{"line":35,"column":85}},"type":"binary-expr","locations":[{"start":{"line":35,"column":52},"end":{"line":35,"column":68}},{"start":{"line":35,"column":68},"end":{"line":35,"column":85}}],"line":35},"2":{"loc":{"start":{"line":71,"column":16},"end":{"line":71,"column":null}},"type":"binary-expr","locations":[{"start":{"line":71,"column":16},"end":{"line":71,"column":45}},{"start":{"line":71,"column":45},"end":{"line":71,"column":null}}],"line":71},"3":{"loc":{"start":{"line":74,"column":10},"end":{"line":74,"column":null}},"type":"cond-expr","locations":[{"start":{"line":74,"column":17},"end":{"line":74,"column":38}},{"start":{"line":74,"column":38},"end":{"line":74,"column":null}}],"line":74},"4":{"loc":{"start":{"line":75,"column":11},"end":{"line":75,"column":null}},"type":"cond-expr","locations":[{"start":{"line":75,"column":19},"end":{"line":75,"column":41}},{"start":{"line":75,"column":41},"end":{"line":75,"column":null}}],"line":75}},"s":{"0":1,"1":1,"2":25,"3":25,"4":25,"5":25,"6":18,"7":18,"8":13,"9":13,"10":13},"f":{"0":25,"1":18,"2":13},"b":{"0":[25,10],"1":[25,9],"2":[13,5],"3":[8,5],"4":[9,4]},"meta":{"lastBranch":5,"lastFunction":3,"lastStatement":11,"seen":{"s:23:33:23:Infinity":0,"s:24:29:24:Infinity":1,"f:29:16:29:42":0,"s:34:15:34:Infinity":2,"b:34:27:34:42:34:42:34:43":0,"s:35:16:35:Infinity":3,"b:35:52:35:68:35:68:35:85":1,"s:36:8:36:Infinity":4,"s:38:2:38:Infinity":5,"f:44:16:44:Infinity":1,"s:49:21:49:Infinity":6,"s:51:2:61:Infinity":7,"f:67:16:67:Infinity":2,"s:70:15:70:Infinity":8,"s:71:16:71:Infinity":9,"b:71:16:71:45:71:45:71:Infinity":2,"s:73:2:76:Infinity":10,"b:74:17:74:38:74:38:74:Infinity":3,"b:75:19:75:41:75:41:75:Infinity":4}}}
,"/Users/asafbenatia/Projects/La_Table_Management/src/lib/report-utils.ts": {"path":"/Users/asafbenatia/Projects/La_Table_Management/src/lib/report-utils.ts","statementMap":{"0":{"start":{"line":15,"column":2},"end":{"line":15,"column":null}},"1":{"start":{"line":15,"column":20},"end":{"line":15,"column":null}},"2":{"start":{"line":16,"column":2},"end":{"line":16,"column":null}},"3":{"start":{"line":23,"column":2},"end":{"line":23,"column":null}},"4":{"start":{"line":23,"column":16},"end":{"line":23,"column":null}},"5":{"start":{"line":24,"column":2},"end":{"line":24,"column":null}},"6":{"start":{"line":31,"column":2},"end":{"line":31,"column":null}},"7":{"start":{"line":38,"column":2},"end":{"line":38,"column":null}},"8":{"start":{"line":38,"column":19},"end":{"line":38,"column":null}},"9":{"start":{"line":39,"column":12},"end":{"line":39,"column":null}},"10":{"start":{"line":40,"column":2},"end":{"line":40,"column":null}},"11":{"start":{"line":55,"column":68},"end":{"line":61,"column":null}},"12":{"start":{"line":64,"column":68},"end":{"line":72,"column":null}},"13":{"start":{"line":75,"column":68},"end":{"line":81,"column":null}},"14":{"start":{"line":84,"column":64},"end":{"line":87,"column":null}},"15":{"start":{"line":98,"column":2},"end":{"line":113,"column":null}},"16":{"start":{"line":100,"column":6},"end":{"line":100,"column":null}},"17":{"start":{"line":101,"column":6},"end":{"line":101,"column":null}},"18":{"start":{"line":103,"column":6},"end":{"line":103,"column":null}},"19":{"start":{"line":104,"column":6},"end":{"line":104,"column":null}},"20":{"start":{"line":106,"column":6},"end":{"line":106,"column":null}},"21":{"start":{"line":107,"column":6},"end":{"line":107,"column":null}},"22":{"start":{"line":109,"column":6},"end":{"line":109,"column":null}},"23":{"start":{"line":110,"column":6},"end":{"line":110,"column":null}},"24":{"start":{"line":112,"column":6},"end":{"line":112,"column":null}},"25":{"start":{"line":115,"column":2},"end":{"line":115,"column":null}},"26":{"start":{"line":122,"column":39},"end":{"line":128,"column":null}},"27":{"start":{"line":130,"column":39},"end":{"line":138,"column":null}},"28":{"start":{"line":140,"column":39},"end":{"line":146,"column":null}},"29":{"start":{"line":148,"column":35},"end":{"line":151,"column":null}},"30":{"start":{"line":173,"column":2},"end":{"line":173,"column":null}},"31":{"start":{"line":173,"column":26},"end":{"line":173,"column":null}},"32":{"start":{"line":175,"column":15},"end":{"line":175,"column":null}},"33":{"start":{"line":176,"column":15},"end":{"line":176,"column":null}},"34":{"start":{"line":179,"column":2},"end":{"line":179,"column":null}},"35":{"start":{"line":179,"column":36},"end":{"line":179,"column":null}},"36":{"start":{"line":180,"column":2},"end":{"line":180,"column":null}},"37":{"start":{"line":180,"column":20},"end":{"line":180,"column":null}},"38":{"start":{"line":181,"column":2},"end":{"line":181,"column":null}},"39":{"start":{"line":181,"column":20},"end":{"line":181,"column":null}},"40":{"start":{"line":184,"column":2},"end":{"line":186,"column":null}},"41":{"start":{"line":185,"column":4},"end":{"line":185,"column":null}},"42":{"start":{"line":189,"column":15},"end":{"line":189,"column":null}},"43":{"start":{"line":190,"column":15},"end":{"line":190,"column":null}},"44":{"start":{"line":193,"column":15},"end":{"line":193,"column":null}},"45":{"start":{"line":194,"column":15},"end":{"line":194,"column":null}},"46":{"start":{"line":196,"column":2},"end":{"line":198,"column":null}},"47":{"start":{"line":197,"column":4},"end":{"line":197,"column":null}},"48":{"start":{"line":201,"column":21},"end":{"line":201,"column":null}},"49":{"start":{"line":202,"column":2},"end":{"line":202,"column":null}},"50":{"start":{"line":212,"column":2},"end":{"line":212,"column":null}},"51":{"start":{"line":212,"column":44},"end":{"line":212,"column":null}},"52":{"start":{"line":214,"column":2},"end":{"line":216,"column":null}},"53":{"start":{"line":215,"column":4},"end":{"line":215,"column":null}},"54":{"start":{"line":233,"column":36},"end":{"line":233,"column":null}},"55":{"start":{"line":234,"column":21},"end":{"line":234,"column":null}},"56":{"start":{"line":235,"column":8},"end":{"line":235,"column":null}},"57":{"start":{"line":236,"column":19},"end":{"line":236,"column":null}},"58":{"start":{"line":238,"column":2},"end":{"line":246,"column":null}},"59":{"start":{"line":257,"column":8},"end":{"line":257,"column":null}},"60":{"start":{"line":258,"column":2},"end":{"line":258,"column":null}},"61":{"start":{"line":273,"column":2},"end":{"line":273,"column":null}},"62":{"start":{"line":273,"column":26},"end":{"line":273,"column":null}},"63":{"start":{"line":275,"column":15},"end":{"line":275,"column":null}},"64":{"start":{"line":277,"column":2},"end":{"line":283,"column":null}},"65":{"start":{"line":278,"column":4},"end":{"line":282,"column":null}},"66":{"start":{"line":279,"column":20},"end":{"line":279,"column":null}},"67":{"start":{"line":280,"column":6},"end":{"line":280,"column":null}},"68":{"start":{"line":280,"column":25},"end":{"line":280,"column":null}},"69":{"start":{"line":281,"column":6},"end":{"line":281,"column":null}},"70":{"start":{"line":294,"column":14},"end":{"line":294,"column":null}},"71":{"start":{"line":295,"column":12},"end":{"line":295,"column":null}},"72":{"start":{"line":296,"column":2},"end":{"line":296,"column":null}},"73":{"start":{"line":297,"column":2},"end":{"line":297,"column":null}},"74":{"start":{"line":298,"column":2},"end":{"line":298,"column":null}},"75":{"start":{"line":299,"column":2},"end":{"line":299,"column":null}},"76":{"start":{"line":300,"column":2},"end":{"line":300,"column":null}},"77":{"start":{"line":301,"column":2},"end":{"line":301,"column":null}},"78":{"start":{"line":311,"column":8},"end":{"line":311,"column":null}},"79":{"start":{"line":312,"column":2},"end":{"line":312,"column":null}}},"fnMap":{"0":{"name":"formatPercent","decl":{"start":{"line":14,"column":16},"end":{"line":14,"column":30}},"loc":{"start":{"line":14,"column":71},"end":{"line":17,"column":null}},"line":14},"1":{"name":"formatDateHe","decl":{"start":{"line":22,"column":16},"end":{"line":22,"column":29}},"loc":{"start":{"line":22,"column":73},"end":{"line":25,"column":null}},"line":22},"2":{"name":"formatDateRange","decl":{"start":{"line":30,"column":16},"end":{"line":30,"column":32}},"loc":{"start":{"line":30,"column":76},"end":{"line":32,"column":null}},"line":30},"3":{"name":"formatNumber","decl":{"start":{"line":37,"column":16},"end":{"line":37,"column":29}},"loc":{"start":{"line":37,"column":78},"end":{"line":41,"column":null}},"line":37},"4":{"name":"getStatusConfig","decl":{"start":{"line":92,"column":16},"end":{"line":92,"column":null}},"loc":{"start":{"line":95,"column":16},"end":{"line":116,"column":null}},"line":95},"5":{"name":"sortCompare","decl":{"start":{"line":167,"column":16},"end":{"line":167,"column":null}},"loc":{"start":{"line":172,"column":10},"end":{"line":203,"column":null}},"line":172},"6":{"name":"sortData","decl":{"start":{"line":208,"column":16},"end":{"line":208,"column":null}},"loc":{"start":{"line":211,"column":7},"end":{"line":217,"column":null}},"line":211},"7":{"name":"(anonymous_7)","decl":{"start":{"line":214,"column":24},"end":{"line":214,"column":25}},"loc":{"start":{"line":215,"column":4},"end":{"line":215,"column":null}},"line":215},"8":{"name":"calculatePagination","decl":{"start":{"line":232,"column":16},"end":{"line":232,"column":36}},"loc":{"start":{"line":232,"column":62},"end":{"line":247,"column":null}},"line":232},"9":{"name":"paginateData","decl":{"start":{"line":252,"column":16},"end":{"line":252,"column":null}},"loc":{"start":{"line":256,"column":7},"end":{"line":259,"column":null}},"line":256},"10":{"name":"filterBySearch","decl":{"start":{"line":268,"column":16},"end":{"line":268,"column":null}},"loc":{"start":{"line":272,"column":7},"end":{"line":284,"column":null}},"line":272},"11":{"name":"(anonymous_11)","decl":{"start":{"line":277,"column":21},"end":{"line":277,"column":22}},"loc":{"start":{"line":278,"column":4},"end":{"line":282,"column":null}},"line":278},"12":{"name":"(anonymous_12)","decl":{"start":{"line":278,"column":17},"end":{"line":278,"column":18}},"loc":{"start":{"line":278,"column":26},"end":{"line":282,"column":5}},"line":278},"13":{"name":"downloadBlob","decl":{"start":{"line":293,"column":16},"end":{"line":293,"column":29}},"loc":{"start":{"line":293,"column":59},"end":{"line":302,"column":null}},"line":293},"14":{"name":"generateReportFilename","decl":{"start":{"line":307,"column":16},"end":{"line":307,"column":null}},"loc":{"start":{"line":310,"column":10},"end":{"line":313,"column":null}},"line":310}},"branchMap":{"0":{"loc":{"start":{"line":15,"column":2},"end":{"line":15,"column":null}},"type":"if","locations":[{"start":{"line":15,"column":2},"end":{"line":15,"column":null}},{"start":{},"end":{}}],"line":15},"1":{"loc":{"start":{"line":23,"column":2},"end":{"line":23,"column":null}},"type":"if","locations":[{"start":{"line":23,"column":2},"end":{"line":23,"column":null}},{"start":{},"end":{}}],"line":23},"2":{"loc":{"start":{"line":38,"column":2},"end":{"line":38,"column":null}},"type":"if","locations":[{"start":{"line":38,"column":2},"end":{"line":38,"column":null}},{"start":{},"end":{}}],"line":38},"3":{"loc":{"start":{"line":39,"column":12},"end":{"line":39,"column":null}},"type":"cond-expr","locations":[{"start":{"line":39,"column":38},"end":{"line":39,"column":56}},{"start":{"line":39,"column":56},"end":{"line":39,"column":null}}],"line":39},"4":{"loc":{"start":{"line":98,"column":2},"end":{"line":113,"column":null}},"type":"switch","locations":[{"start":{"line":99,"column":4},"end":{"line":101,"column":null}},{"start":{"line":102,"column":4},"end":{"line":104,"column":null}},{"start":{"line":105,"column":4},"end":{"line":107,"column":null}},{"start":{"line":108,"column":4},"end":{"line":110,"column":null}},{"start":{"line":111,"column":4},"end":{"line":112,"column":null}}],"line":98},"5":{"loc":{"start":{"line":115,"column":9},"end":{"line":115,"column":null}},"type":"binary-expr","locations":[{"start":{"line":115,"column":9},"end":{"line":115,"column":27}},{"start":{"line":115,"column":27},"end":{"line":115,"column":null}}],"line":115},"6":{"loc":{"start":{"line":173,"column":2},"end":{"line":173,"column":null}},"type":"if","locations":[{"start":{"line":173,"column":2},"end":{"line":173,"column":null}},{"start":{},"end":{}}],"line":173},"7":{"loc":{"start":{"line":179,"column":2},"end":{"line":179,"column":null}},"type":"if","locations":[{"start":{"line":179,"column":2},"end":{"line":179,"column":null}},{"start":{},"end":{}}],"line":179},"8":{"loc":{"start":{"line":179,"column":6},"end":{"line":179,"column":36}},"type":"binary-expr","locations":[{"start":{"line":179,"column":6},"end":{"line":179,"column":22}},{"start":{"line":179,"column":22},"end":{"line":179,"column":36}}],"line":179},"9":{"loc":{"start":{"line":180,"column":2},"end":{"line":180,"column":null}},"type":"if","locations":[{"start":{"line":180,"column":2},"end":{"line":180,"column":null}},{"start":{},"end":{}}],"line":180},"10":{"loc":{"start":{"line":180,"column":27},"end":{"line":180,"column":null}},"type":"cond-expr","locations":[{"start":{"line":180,"column":49},"end":{"line":180,"column":53}},{"start":{"line":180,"column":53},"end":{"line":180,"column":null}}],"line":180},"11":{"loc":{"start":{"line":181,"column":2},"end":{"line":181,"column":null}},"type":"if","locations":[{"start":{"line":181,"column":2},"end":{"line":181,"column":null}},{"start":{},"end":{}}],"line":181},"12":{"loc":{"start":{"line":181,"column":27},"end":{"line":181,"column":null}},"type":"cond-expr","locations":[{"start":{"line":181,"column":49},"end":{"line":181,"column":54}},{"start":{"line":181,"column":54},"end":{"line":181,"column":null}}],"line":181},"13":{"loc":{"start":{"line":184,"column":2},"end":{"line":186,"column":null}},"type":"if","locations":[{"start":{"line":184,"column":2},"end":{"line":186,"column":null}},{"start":{},"end":{}}],"line":184},"14":{"loc":{"start":{"line":184,"column":6},"end":{"line":184,"column":60}},"type":"binary-expr","locations":[{"start":{"line":184,"column":6},"end":{"line":184,"column":34}},{"start":{"line":184,"column":34},"end":{"line":184,"column":60}}],"line":184},"15":{"loc":{"start":{"line":185,"column":11},"end":{"line":185,"column":null}},"type":"cond-expr","locations":[{"start":{"line":185,"column":33},"end":{"line":185,"column":47}},{"start":{"line":185,"column":47},"end":{"line":185,"column":null}}],"line":185},"16":{"loc":{"start":{"line":196,"column":2},"end":{"line":198,"column":null}},"type":"if","locations":[{"start":{"line":196,"column":2},"end":{"line":198,"column":null}},{"start":{},"end":{}}],"line":196},"17":{"loc":{"start":{"line":196,"column":6},"end":{"line":196,"column":36}},"type":"binary-expr","locations":[{"start":{"line":196,"column":6},"end":{"line":196,"column":22}},{"start":{"line":196,"column":22},"end":{"line":196,"column":36}}],"line":196},"18":{"loc":{"start":{"line":197,"column":11},"end":{"line":197,"column":null}},"type":"cond-expr","locations":[{"start":{"line":197,"column":33},"end":{"line":197,"column":47}},{"start":{"line":197,"column":47},"end":{"line":197,"column":null}}],"line":197},"19":{"loc":{"start":{"line":202,"column":9},"end":{"line":202,"column":null}},"type":"cond-expr","locations":[{"start":{"line":202,"column":31},"end":{"line":202,"column":44}},{"start":{"line":202,"column":44},"end":{"line":202,"column":null}}],"line":202},"20":{"loc":{"start":{"line":212,"column":2},"end":{"line":212,"column":null}},"type":"if","locations":[{"start":{"line":212,"column":2},"end":{"line":212,"column":null}},{"start":{},"end":{}}],"line":212},"21":{"loc":{"start":{"line":212,"column":6},"end":{"line":212,"column":44}},"type":"binary-expr","locations":[{"start":{"line":212,"column":6},"end":{"line":212,"column":21}},{"start":{"line":212,"column":21},"end":{"line":212,"column":44}}],"line":212},"22":{"loc":{"start":{"line":244,"column":17},"end":{"line":244,"column":null}},"type":"cond-expr","locations":[{"start":{"line":244,"column":29},"end":{"line":244,"column":46}},{"start":{"line":244,"column":46},"end":{"line":244,"column":null}}],"line":244},"23":{"loc":{"start":{"line":273,"column":2},"end":{"line":273,"column":null}},"type":"if","locations":[{"start":{"line":273,"column":2},"end":{"line":273,"column":null}},{"start":{},"end":{}}],"line":273},"24":{"loc":{"start":{"line":280,"column":6},"end":{"line":280,"column":null}},"type":"if","locations":[{"start":{"line":280,"column":6},"end":{"line":280,"column":null}},{"start":{},"end":{}}],"line":280},"25":{"loc":{"start":{"line":309,"column":2},"end":{"line":309,"column":null}},"type":"default-arg","locations":[{"start":{"line":309,"column":30},"end":{"line":309,"column":null}}],"line":309}},"s":{"0":10,"1":2,"2":8,"3":7,"4":3,"5":4,"6":1,"7":7,"8":2,"9":5,"10":7,"11":1,"12":1,"13":1,"14":1,"15":5,"16":2,"17":2,"18":1,"19":1,"20":1,"21":1,"22":1,"23":1,"24":0,"25":5,"26":1,"27":1,"28":1,"29":1,"30":27,"31":1,"32":26,"33":26,"34":26,"35":1,"36":25,"37":25,"38":23,"39":23,"40":21,"41":14,"42":7,"43":7,"44":7,"45":7,"46":7,"47":0,"48":7,"49":7,"50":5,"51":2,"52":3,"53":12,"54":5,"55":5,"56":5,"57":5,"58":5,"59":5,"60":5,"61":8,"62":2,"63":6,"64":6,"65":18,"66":24,"67":24,"68":0,"69":24,"70":0,"71":0,"72":0,"73":0,"74":0,"75":0,"76":0,"77":0,"78":4,"79":4},"f":{"0":10,"1":7,"2":1,"3":7,"4":5,"5":27,"6":5,"7":12,"8":5,"9":5,"10":8,"11":18,"12":24,"13":0,"14":4},"b":{"0":[2,8],"1":[3,4],"2":[2,5],"3":[1,4],"4":[2,1,1,1,0],"5":[5,1],"6":[1,26],"7":[1,25],"8":[26,3],"9":[2,23],"10":[1,1],"11":[2,21],"12":[1,1],"13":[14,7],"14":[21,14],"15":[7,7],"16":[0,7],"17":[7,0],"18":[0,0],"19":[6,1],"20":[2,3],"21":[5,4],"22":[4,1],"23":[2,6],"24":[0,24],"25":[4]},"meta":{"lastBranch":26,"lastFunction":15,"lastStatement":80,"seen":{"f:14:16:14:30":0,"b:15:2:15:Infinity:undefined:undefined:undefined:undefined":0,"s:15:2:15:Infinity":0,"s:15:20:15:Infinity":1,"s:16:2:16:Infinity":2,"f:22:16:22:29":1,"b:23:2:23:Infinity:undefined:undefined:undefined:undefined":1,"s:23:2:23:Infinity":3,"s:23:16:23:Infinity":4,"s:24:2:24:Infinity":5,"f:30:16:30:32":2,"s:31:2:31:Infinity":6,"f:37:16:37:29":3,"b:38:2:38:Infinity:undefined:undefined:undefined:undefined":2,"s:38:2:38:Infinity":7,"s:38:19:38:Infinity":8,"s:39:12:39:Infinity":9,"b:39:38:39:56:39:56:39:Infinity":3,"s:40:2:40:Infinity":10,"s:55:68:61:Infinity":11,"s:64:68:72:Infinity":12,"s:75:68:81:Infinity":13,"s:84:64:87:Infinity":14,"f:92:16:92:Infinity":4,"b:99:4:101:Infinity:102:4:104:Infinity:105:4:107:Infinity:108:4:110:Infinity:111:4:112:Infinity":4,"s:98:2:113:Infinity":15,"s:100:6:100:Infinity":16,"s:101:6:101:Infinity":17,"s:103:6:103:Infinity":18,"s:104:6:104:Infinity":19,"s:106:6:106:Infinity":20,"s:107:6:107:Infinity":21,"s:109:6:109:Infinity":22,"s:110:6:110:Infinity":23,"s:112:6:112:Infinity":24,"s:115:2:115:Infinity":25,"b:115:9:115:27:115:27:115:Infinity":5,"s:122:39:128:Infinity":26,"s:130:39:138:Infinity":27,"s:140:39:146:Infinity":28,"s:148:35:151:Infinity":29,"f:167:16:167:Infinity":5,"b:173:2:173:Infinity:undefined:undefined:undefined:undefined":6,"s:173:2:173:Infinity":30,"s:173:26:173:Infinity":31,"s:175:15:175:Infinity":32,"s:176:15:176:Infinity":33,"b:179:2:179:Infinity:undefined:undefined:undefined:undefined":7,"s:179:2:179:Infinity":34,"b:179:6:179:22:179:22:179:36":8,"s:179:36:179:Infinity":35,"b:180:2:180:Infinity:undefined:undefined:undefined:undefined":9,"s:180:2:180:Infinity":36,"s:180:20:180:Infinity":37,"b:180:49:180:53:180:53:180:Infinity":10,"b:181:2:181:Infinity:undefined:undefined:undefined:undefined":11,"s:181:2:181:Infinity":38,"s:181:20:181:Infinity":39,"b:181:49:181:54:181:54:181:Infinity":12,"b:184:2:186:Infinity:undefined:undefined:undefined:undefined":13,"s:184:2:186:Infinity":40,"b:184:6:184:34:184:34:184:60":14,"s:185:4:185:Infinity":41,"b:185:33:185:47:185:47:185:Infinity":15,"s:189:15:189:Infinity":42,"s:190:15:190:Infinity":43,"s:193:15:193:Infinity":44,"s:194:15:194:Infinity":45,"b:196:2:198:Infinity:undefined:undefined:undefined:undefined":16,"s:196:2:198:Infinity":46,"b:196:6:196:22:196:22:196:36":17,"s:197:4:197:Infinity":47,"b:197:33:197:47:197:47:197:Infinity":18,"s:201:21:201:Infinity":48,"s:202:2:202:Infinity":49,"b:202:31:202:44:202:44:202:Infinity":19,"f:208:16:208:Infinity":6,"b:212:2:212:Infinity:undefined:undefined:undefined:undefined":20,"s:212:2:212:Infinity":50,"b:212:6:212:21:212:21:212:44":21,"s:212:44:212:Infinity":51,"s:214:2:216:Infinity":52,"f:214:24:214:25":7,"s:215:4:215:Infinity":53,"f:232:16:232:36":8,"s:233:36:233:Infinity":54,"s:234:21:234:Infinity":55,"s:235:8:235:Infinity":56,"s:236:19:236:Infinity":57,"s:238:2:246:Infinity":58,"b:244:29:244:46:244:46:244:Infinity":22,"f:252:16:252:Infinity":9,"s:257:8:257:Infinity":59,"s:258:2:258:Infinity":60,"f:268:16:268:Infinity":10,"b:273:2:273:Infinity:undefined:undefined:undefined:undefined":23,"s:273:2:273:Infinity":61,"s:273:26:273:Infinity":62,"s:275:15:275:Infinity":63,"s:277:2:283:Infinity":64,"f:277:21:277:22":11,"s:278:4:282:Infinity":65,"f:278:17:278:18":12,"s:279:20:279:Infinity":66,"b:280:6:280:Infinity:undefined:undefined:undefined:undefined":24,"s:280:6:280:Infinity":67,"s:280:25:280:Infinity":68,"s:281:6:281:Infinity":69,"f:293:16:293:29":13,"s:294:14:294:Infinity":70,"s:295:12:295:Infinity":71,"s:296:2:296:Infinity":72,"s:297:2:297:Infinity":73,"s:298:2:298:Infinity":74,"s:299:2:299:Infinity":75,"s:300:2:300:Infinity":76,"s:301:2:301:Infinity":77,"f:307:16:307:Infinity":14,"b:309:30:309:Infinity":25,"s:311:8:311:Infinity":78,"s:312:2:312:Infinity":79}}}
,"/Users/asafbenatia/Projects/La_Table_Management/src/lib/validations/report-schemas.ts": {"path":"/Users/asafbenatia/Projects/La_Table_Management/src/lib/validations/report-schemas.ts","statementMap":{"0":{"start":{"line":10,"column":26},"end":{"line":12,"column":null}},"1":{"start":{"line":18,"column":31},"end":{"line":23,"column":null}},"2":{"start":{"line":28,"column":32},"end":{"line":50,"column":null}},"3":{"start":{"line":56,"column":31},"end":{"line":72,"column":null}},"4":{"start":{"line":63,"column":6},"end":{"line":65,"column":null}},"5":{"start":{"line":64,"column":8},"end":{"line":64,"column":null}},"6":{"start":{"line":66,"column":6},"end":{"line":66,"column":null}},"7":{"start":{"line":78,"column":34},"end":{"line":102,"column":null}},"8":{"start":{"line":93,"column":4},"end":{"line":95,"column":null}},"9":{"start":{"line":94,"column":6},"end":{"line":94,"column":null}},"10":{"start":{"line":96,"column":4},"end":{"line":96,"column":null}},"11":{"start":{"line":111,"column":39},"end":{"line":124,"column":null}},"12":{"start":{"line":129,"column":37},"end":{"line":146,"column":null}},"13":{"start":{"line":151,"column":50},"end":{"line":165,"column":null}},"14":{"start":{"line":170,"column":37},"end":{"line":189,"column":null}},"15":{"start":{"line":195,"column":46},"end":{"line":233,"column":null}},"16":{"start":{"line":221,"column":14},"end":{"line":221,"column":null}},"17":{"start":{"line":228,"column":14},"end":{"line":228,"column":null}},"18":{"start":{"line":238,"column":36},"end":{"line":250,"column":null}},"19":{"start":{"line":260,"column":33},"end":{"line":272,"column":null}},"20":{"start":{"line":261,"column":2},"end":{"line":272,"column":null}},"21":{"start":{"line":277,"column":33},"end":{"line":288,"column":null}},"22":{"start":{"line":297,"column":35},"end":{"line":317,"column":null}},"23":{"start":{"line":326,"column":35},"end":{"line":328,"column":null}},"24":{"start":{"line":333,"column":32},"end":{"line":339,"column":null}},"25":{"start":{"line":336,"column":2},"end":{"line":339,"column":null}}},"fnMap":{"0":{"name":"(anonymous_0)","decl":{"start":{"line":62,"column":4},"end":{"line":62,"column":5}},"loc":{"start":{"line":62,"column":14},"end":{"line":67,"column":null}},"line":62},"1":{"name":"(anonymous_1)","decl":{"start":{"line":92,"column":2},"end":{"line":92,"column":3}},"loc":{"start":{"line":92,"column":12},"end":{"line":97,"column":null}},"line":92},"2":{"name":"(anonymous_2)","decl":{"start":{"line":221,"column":4},"end":{"line":221,"column":5}},"loc":{"start":{"line":221,"column":14},"end":{"line":221,"column":null}},"line":221},"3":{"name":"(anonymous_3)","decl":{"start":{"line":228,"column":4},"end":{"line":228,"column":5}},"loc":{"start":{"line":228,"column":14},"end":{"line":228,"column":null}},"line":228},"4":{"name":"(anonymous_4)","decl":{"start":{"line":260,"column":33},"end":{"line":260,"column":58}},"loc":{"start":{"line":261,"column":2},"end":{"line":272,"column":null}},"line":261},"5":{"name":"(anonymous_5)","decl":{"start":{"line":333,"column":32},"end":{"line":333,"column":null}},"loc":{"start":{"line":336,"column":2},"end":{"line":339,"column":null}},"line":336}},"branchMap":{"0":{"loc":{"start":{"line":63,"column":6},"end":{"line":65,"column":null}},"type":"if","locations":[{"start":{"line":63,"column":6},"end":{"line":65,"column":null}},{"start":{},"end":{}}],"line":63},"1":{"loc":{"start":{"line":63,"column":10},"end":{"line":63,"column":42}},"type":"binary-expr","locations":[{"start":{"line":63,"column":10},"end":{"line":63,"column":28}},{"start":{"line":63,"column":28},"end":{"line":63,"column":42}}],"line":63},"2":{"loc":{"start":{"line":93,"column":4},"end":{"line":95,"column":null}},"type":"if","locations":[{"start":{"line":93,"column":4},"end":{"line":95,"column":null}},{"start":{},"end":{}}],"line":93},"3":{"loc":{"start":{"line":93,"column":8},"end":{"line":93,"column":70}},"type":"binary-expr","locations":[{"start":{"line":93,"column":8},"end":{"line":93,"column":40}},{"start":{"line":93,"column":40},"end":{"line":93,"column":70}}],"line":93}},"s":{"0":1,"1":1,"2":1,"3":1,"4":7,"5":4,"6":3,"7":1,"8":10,"9":5,"10":5,"11":1,"12":1,"13":1,"14":1,"15":1,"16":7,"17":7,"18":1,"19":1,"20":1,"21":1,"22":1,"23":1,"24":1,"25":1},"f":{"0":7,"1":10,"2":7,"3":7,"4":1,"5":1},"b":{"0":[4,3],"1":[7,5],"2":[5,5],"3":[10,7]},"meta":{"lastBranch":4,"lastFunction":6,"lastStatement":26,"seen":{"s:10:26:12:Infinity":0,"s:18:31:23:Infinity":1,"s:28:32:50:Infinity":2,"s:56:31:72:Infinity":3,"f:62:4:62:5":0,"b:63:6:65:Infinity:undefined:undefined:undefined:undefined":0,"s:63:6:65:Infinity":4,"b:63:10:63:28:63:28:63:42":1,"s:64:8:64:Infinity":5,"s:66:6:66:Infinity":6,"s:78:34:102:Infinity":7,"f:92:2:92:3":1,"b:93:4:95:Infinity:undefined:undefined:undefined:undefined":2,"s:93:4:95:Infinity":8,"b:93:8:93:40:93:40:93:70":3,"s:94:6:94:Infinity":9,"s:96:4:96:Infinity":10,"s:111:39:124:Infinity":11,"s:129:37:146:Infinity":12,"s:151:50:165:Infinity":13,"s:170:37:189:Infinity":14,"s:195:46:233:Infinity":15,"f:221:4:221:5":2,"s:221:14:221:Infinity":16,"f:228:4:228:5":3,"s:228:14:228:Infinity":17,"s:238:36:250:Infinity":18,"s:260:33:272:Infinity":19,"f:260:33:260:58":4,"s:261:2:272:Infinity":20,"s:277:33:288:Infinity":21,"s:297:35:317:Infinity":22,"s:326:35:328:Infinity":23,"s:333:32:339:Infinity":24,"f:333:32:333:Infinity":5,"s:336:2:339:Infinity":25}}}
}
